d:\the-shining\pwning\teamfotress2\src\internaldll\debug\internaldll.pch
d:\the-shining\pwning\teamfotress2\src\internaldll\debug\vc142.pdb
d:\the-shining\pwning\teamfotress2\src\internaldll\debug\vc142.idb
d:\the-shining\pwning\teamfotress2\src\internaldll\debug\pch.obj
d:\the-shining\pwning\teamfotress2\src\internaldll\debug\sdk.obj
d:\the-shining\pwning\teamfotress2\src\internaldll\debug\playerentity.obj
d:\the-shining\pwning\teamfotress2\src\internaldll\debug\offsets.obj
d:\the-shining\pwning\teamfotress2\src\internaldll\debug\hooking.obj
d:\the-shining\pwning\teamfotress2\src\internaldll\debug\edges.obj
d:\the-shining\pwning\teamfotress2\src\internaldll\debug\dx.obj
d:\the-shining\pwning\teamfotress2\src\internaldll\debug\drawing.obj
d:\the-shining\pwning\teamfotress2\src\internaldll\debug\dllmain.obj
d:\the-shining\pwning\teamfotress2\src\internaldll\debug\internaldll.ilk
d:\the-shining\pwning\teamfotress2\src\internaldll\debug\internaldll.dll
d:\the-shining\pwning\teamfotress2\src\internaldll\debug\internaldll.pdb
d:\the-shining\pwning\teamfotress2\src\internaldll\debug\internaldll.tlog\cl.command.1.tlog
d:\the-shining\pwning\teamfotress2\src\internaldll\debug\internaldll.tlog\cl.read.1.tlog
d:\the-shining\pwning\teamfotress2\src\internaldll\debug\internaldll.tlog\cl.write.1.tlog
d:\the-shining\pwning\teamfotress2\src\internaldll\debug\internaldll.tlog\link.command.1.tlog
d:\the-shining\pwning\teamfotress2\src\internaldll\debug\internaldll.tlog\link.read.1.tlog
d:\the-shining\pwning\teamfotress2\src\internaldll\debug\internaldll.tlog\link.write.1.tlog
